Using pre-set license
Built from '2020.2/release' branch; Version is '2020.2.2f1 (068178b99f32) revision 426360'; Using compiler version '192528614'; Build Type 'Release'
OS: 'Windows 10 Home Single Language; OS build 19042.1348; Version 2009; 64bit' Language: 'en' Physical Memory: 20361 MB
BatchMode: 1, IsHumanControllingUs: 0, StartBugReporterOnCrash: 0, Is64bit: 1, IsPro: 0

 COMMAND LINE ARGUMENTS:
C:\Program Files\Unity\Hub\Editor\2020.2.2f1\Editor\Unity.exe
-adb2
-batchMode
-noUpm
-name
AssetImportWorker0
-projectPath
C:/Users/dido-/Desktop/Asteroids/Asteroids/Asteroids
-logFile
Logs/AssetImportWorker0.log
-srvPort
49427
Successfully changed project path to: C:/Users/dido-/Desktop/Asteroids/Asteroids/Asteroids
C:/Users/dido-/Desktop/Asteroids/Asteroids/Asteroids
Using Asset Import Pipeline V2.
Refreshing native plugins compatible for Editor in 38.73 ms, found 1 plugins.
Preloading 0 native plugins for Editor in 0.00 ms.
Initialize engine version: 2020.2.2f1 (068178b99f32)
[Subsystems] Discovering subsystems at path C:/Program Files/Unity/Hub/Editor/2020.2.2f1/Editor/Data/Resources/UnitySubsystems
[Subsystems] Discovering subsystems at path C:/Users/dido-/Desktop/Asteroids/Asteroids/Asteroids/Assets
GfxDevice: creating device client; threaded=0
Direct3D:
    Version:  Direct3D 11.0 [level 11.0]
    Renderer: NVIDIA GeForce MX110 (ID=0x174e)
    Vendor:   
    VRAM:     2010 MB
    Driver:   27.21.14.6259
Initialize mono
Mono path[0] = 'C:/Program Files/Unity/Hub/Editor/2020.2.2f1/Editor/Data/Managed'
Mono path[1] = 'C:/Program Files/Unity/Hub/Editor/2020.2.2f1/Editor/Data/MonoBleedingEdge/lib/mono/unityjit'
Mono config path = 'C:/Program Files/Unity/Hub/Editor/2020.2.2f1/Editor/Data/MonoBleedingEdge/etc'
Using monoOptions --debugger-agent=transport=dt_socket,embedding=1,server=y,suspend=n,address=127.0.0.1:56260
Begin MonoManager ReloadAssembly
Registering precompiled unity dll's ...
Register platform support module: C:/Program Files/Unity/Hub/Editor/2020.2.2f1/Editor/Data/PlaybackEngines/WindowsStandaloneSupport/UnityEditor.WindowsStandalone.Extensions.dll
Registered in 0.002507 seconds.
Native extension for WindowsStandalone target not found
Refreshing native plugins compatible for Editor in 38.62 ms, found 1 plugins.
Preloading 0 native plugins for Editor in 0.00 ms.
Invoked RoslynAnalysisRunner static constructor.
RoslynAnalysisRunner will not be running.
RoslynAnalysisRunner has terminated.
Mono: successfully reloaded assembly
- Completed reload, in  1.117 seconds
Platform modules already initialized, skipping
Registering precompiled user dll's ...
Registered in 0.001073 seconds.
Begin MonoManager ReloadAssembly
Native extension for WindowsStandalone target not found
Refreshing native plugins compatible for Editor in 38.40 ms, found 1 plugins.
Preloading 0 native plugins for Editor in 0.00 ms.
Invoked RoslynAnalysisRunner static constructor.
RoslynAnalysisRunner will not be running.
RoslynAnalysisRunner has terminated.
Mono: successfully reloaded assembly
- Completed reload, in  1.009 seconds
Platform modules already initialized, skipping
========================================================================
Worker process is ready to serve import requests
Launched and connected shader compiler UnityShaderCompiler.exe after 0.05 seconds
Refreshing native plugins compatible for Editor in 0.36 ms, found 1 plugins.
Preloading 0 native plugins for Editor in 0.00 ms.
Unloading 1792 Unused Serialized files (Serialized files now loaded: 0)
System memory in use before: 84.2 MB.
System memory in use after: 84.1 MB.

Unloading 24 unused Assets to reduce memory usage. Loaded Objects now: 2233.
Total: 2.489000 ms (FindLiveObjects: 0.408500 ms CreateObjectMapping: 0.243700 ms MarkObjects: 1.670900 ms  DeleteObjects: 0.164900 ms)

========================================================================
Received Import Request.
  path: Assets/New Folder
  artifactKey: Guid(fc823b7fcabc99c46bdac59758833ebc) Importer(815301076,1909f56bfc062723c751e8b465ee728b)
Start importing Assets/New Folder using Guid(fc823b7fcabc99c46bdac59758833ebc) Importer(815301076,1909f56bfc062723c751e8b465ee728b)  -> (artifact id: '135b468fa2e9fcd0641b4625f7b65f14') in 0.012768 seconds
  Import took 0.016451 seconds .

========================================================================
Received Import Request.
  Time since last request: 2.094479 seconds.
  path: Assets/Images
  artifactKey: Guid(fc823b7fcabc99c46bdac59758833ebc) Importer(815301076,1909f56bfc062723c751e8b465ee728b)
Start importing Assets/Images using Guid(fc823b7fcabc99c46bdac59758833ebc) Importer(815301076,1909f56bfc062723c751e8b465ee728b)  -> (artifact id: 'dc0df306573621bbe2c885b0a5f4c59d') in 0.008133 seconds
  Import took 0.011439 seconds .

========================================================================
Received Import Request.
  Time since last request: 1.514551 seconds.
  path: Assets
  artifactKey: Guid(00000000000000001000000000000000) Importer(815301076,1909f56bfc062723c751e8b465ee728b)
Start importing Assets using Guid(00000000000000001000000000000000) Importer(815301076,1909f56bfc062723c751e8b465ee728b)  -> (artifact id: '4a6e520b92ccfc61bcfa21a7bcab8468') in 0.009697 seconds
  Import took 0.014986 seconds .

========================================================================
Received Import Request.
  Time since last request: 0.000652 seconds.
  path: Assets
  artifactKey: Guid(00000000000000001000000000000000) Importer(815301076,1909f56bfc062723c751e8b465ee728b)
Start importing Assets using Guid(00000000000000001000000000000000) Importer(815301076,1909f56bfc062723c751e8b465ee728b)  -> (artifact id: '4a6e520b92ccfc61bcfa21a7bcab8468') in 0.004089 seconds
  Import took 0.008018 seconds .

========================================================================
Received Import Request.
  Time since last request: 24.005012 seconds.
  path: Assets/Scripts
  artifactKey: Guid(7c7def7990d5b564d9c3bb6caa3cfce5) Importer(815301076,1909f56bfc062723c751e8b465ee728b)
Start importing Assets/Scripts using Guid(7c7def7990d5b564d9c3bb6caa3cfce5) Importer(815301076,1909f56bfc062723c751e8b465ee728b)  -> (artifact id: 'dc9b6a2cd286fa50f8645d7a17dcdf8a') in 0.007752 seconds
  Import took 0.011731 seconds .

AssetImportWorkerClient::OnTransportError - code=2 error=End of file
